<?xml version="1.0" encoding="UTF-8"?>
<testng-results skipped="0" failed="1" total="1" passed="0">
  <reporter-output>
  </reporter-output>
  <suite name="Default suite" duration-ms="52" started-at="2018-07-12T15:42:44Z" finished-at="2018-07-12T15:42:44Z">
    <groups>
    </groups>
    <test name="Default test" duration-ms="52" started-at="2018-07-12T15:42:44Z" finished-at="2018-07-12T15:42:44Z">
      <class name="demo.testing.web.LeadCaptureFormPage">
        <test-method status="FAIL" signature="checkLabelDisplayCorrectly()[pri:1, instance:null]" name="checkLabelDisplayCorrectly" duration-ms="14" started-at="2018-07-12T22:42:44Z" finished-at="2018-07-12T22:42:44Z">
          <exception class="org.testng.TestNGException">
            <message>
              <![CDATA[
Can't invoke public void demo.testing.web.LeadCaptureFormPage.checkLabelDisplayCorrectly(): either make it static or add a no-args constructor to your class]]>
            </message>
            <full-stacktrace>
              <![CDATA[org.testng.TestNGException: 
Can't invoke public void demo.testing.web.LeadCaptureFormPage.checkLabelDisplayCorrectly(): either make it static or add a no-args constructor to your class
	at org.testng.internal.Utils.checkInstanceOrStatic(Utils.java:790)
	at org.testng.internal.MethodInvocationHelper.invokeMethod(MethodInvocationHelper.java:42)
	at org.testng.internal.Invoker.invokeMethod(Invoker.java:643)
	at org.testng.internal.Invoker.invokeTestMethod(Invoker.java:820)
	at org.testng.internal.Invoker.invokeTestMethods(Invoker.java:1128)
	at org.testng.internal.TestMethodWorker.invokeTestMethods(TestMethodWorker.java:129)
	at org.testng.internal.TestMethodWorker.run(TestMethodWorker.java:112)
	at org.testng.TestRunner.privateRun(TestRunner.java:782)
	at org.testng.TestRunner.run(TestRunner.java:632)
	at org.testng.SuiteRunner.runTest(SuiteRunner.java:366)
	at org.testng.SuiteRunner.runSequentially(SuiteRunner.java:361)
	at org.testng.SuiteRunner.privateRun(SuiteRunner.java:319)
	at org.testng.SuiteRunner.run(SuiteRunner.java:268)
	at org.testng.SuiteRunnerWorker.runSuite(SuiteRunnerWorker.java:52)
	at org.testng.SuiteRunnerWorker.run(SuiteRunnerWorker.java:86)
	at org.testng.TestNG.runSuitesSequentially(TestNG.java:1244)
	at org.testng.TestNG.runSuitesLocally(TestNG.java:1169)
	at org.testng.TestNG.run(TestNG.java:1064)
	at org.testng.remote.AbstractRemoteTestNG.run(AbstractRemoteTestNG.java:114)
	at org.testng.remote.RemoteTestNG.initAndRun(RemoteTestNG.java:251)
	at org.testng.remote.RemoteTestNG.main(RemoteTestNG.java:77)
]]>
            </full-stacktrace>
          </exception> <!-- org.testng.TestNGException -->
          <reporter-output>
          </reporter-output>
        </test-method> <!-- checkLabelDisplayCorrectly -->
      </class> <!-- demo.testing.web.LeadCaptureFormPage -->
    </test> <!-- Default test -->
  </suite> <!-- Default suite -->
</testng-results>
